<?xml version="1.0" encoding="UTF-8"?>
<testsuite xmlns:xsi="http://www.w3.org/2001/XMLSchema-instance" xsi:noNamespaceSchemaLocation="https://maven.apache.org/surefire/maven-surefire-plugin/xsd/surefire-test-report.xsd" name="com.wowjoy.MyBatisGeneratorApplicationTests" time="4.743" tests="1" errors="0" skipped="0" failures="0">
  <properties>
    <property name="gopherProxySet" value="false"/>
    <property name="awt.toolkit" value="sun.lwawt.macosx.LWCToolkit"/>
    <property name="file.encoding.pkg" value="sun.io"/>
    <property name="java.specification.version" value="1.8"/>
    <property name="sun.cpu.isalist" value=""/>
    <property name="sun.jnu.encoding" value="UTF-8"/>
    <property name="java.class.path" value="/Users/lion_scq/workspaces/spring-boot/boot-mybatis-generator/target/test-classes:/Users/lion_scq/workspaces/spring-boot/boot-mybatis-generator/target/classes:/Users/lion_scq/repository/org/springframework/boot/spring-boot-starter-test/2.1.3.RELEASE/spring-boot-starter-test-2.1.3.RELEASE.jar:/Users/lion_scq/repository/org/springframework/boot/spring-boot-starter/2.1.3.RELEASE/spring-boot-starter-2.1.3.RELEASE.jar:/Users/lion_scq/repository/org/springframework/boot/spring-boot/2.1.3.RELEASE/spring-boot-2.1.3.RELEASE.jar:/Users/lion_scq/repository/org/springframework/boot/spring-boot-autoconfigure/2.1.3.RELEASE/spring-boot-autoconfigure-2.1.3.RELEASE.jar:/Users/lion_scq/repository/org/springframework/boot/spring-boot-starter-logging/2.1.3.RELEASE/spring-boot-starter-logging-2.1.3.RELEASE.jar:/Users/lion_scq/repository/ch/qos/logback/logback-classic/1.2.3/logback-classic-1.2.3.jar:/Users/lion_scq/repository/ch/qos/logback/logback-core/1.2.3/logback-core-1.2.3.jar:/Users/lion_scq/repository/org/apache/logging/log4j/log4j-to-slf4j/2.11.2/log4j-to-slf4j-2.11.2.jar:/Users/lion_scq/repository/org/apache/logging/log4j/log4j-api/2.11.2/log4j-api-2.11.2.jar:/Users/lion_scq/repository/org/slf4j/jul-to-slf4j/1.7.25/jul-to-slf4j-1.7.25.jar:/Users/lion_scq/repository/javax/annotation/javax.annotation-api/1.3.2/javax.annotation-api-1.3.2.jar:/Users/lion_scq/repository/org/yaml/snakeyaml/1.23/snakeyaml-1.23.jar:/Users/lion_scq/repository/org/springframework/boot/spring-boot-test/2.1.3.RELEASE/spring-boot-test-2.1.3.RELEASE.jar:/Users/lion_scq/repository/org/springframework/boot/spring-boot-test-autoconfigure/2.1.3.RELEASE/spring-boot-test-autoconfigure-2.1.3.RELEASE.jar:/Users/lion_scq/repository/com/jayway/jsonpath/json-path/2.4.0/json-path-2.4.0.jar:/Users/lion_scq/repository/net/minidev/json-smart/2.3/json-smart-2.3.jar:/Users/lion_scq/repository/net/minidev/accessors-smart/1.2/accessors-smart-1.2.jar:/Users/lion_scq/repository/org/ow2/asm/asm/5.0.4/asm-5.0.4.jar:/Users/lion_scq/repository/org/slf4j/slf4j-api/1.7.25/slf4j-api-1.7.25.jar:/Users/lion_scq/repository/junit/junit/4.12/junit-4.12.jar:/Users/lion_scq/repository/org/assertj/assertj-core/3.11.1/assertj-core-3.11.1.jar:/Users/lion_scq/repository/org/mockito/mockito-core/2.23.4/mockito-core-2.23.4.jar:/Users/lion_scq/repository/net/bytebuddy/byte-buddy/1.9.10/byte-buddy-1.9.10.jar:/Users/lion_scq/repository/net/bytebuddy/byte-buddy-agent/1.9.10/byte-buddy-agent-1.9.10.jar:/Users/lion_scq/repository/org/objenesis/objenesis/2.6/objenesis-2.6.jar:/Users/lion_scq/repository/org/hamcrest/hamcrest-core/1.3/hamcrest-core-1.3.jar:/Users/lion_scq/repository/org/hamcrest/hamcrest-library/1.3/hamcrest-library-1.3.jar:/Users/lion_scq/repository/org/skyscreamer/jsonassert/1.5.0/jsonassert-1.5.0.jar:/Users/lion_scq/repository/com/vaadin/external/google/android-json/0.0.20131108.vaadin1/android-json-0.0.20131108.vaadin1.jar:/Users/lion_scq/repository/org/springframework/spring-core/5.1.5.RELEASE/spring-core-5.1.5.RELEASE.jar:/Users/lion_scq/repository/org/springframework/spring-jcl/5.1.5.RELEASE/spring-jcl-5.1.5.RELEASE.jar:/Users/lion_scq/repository/org/springframework/spring-test/5.1.5.RELEASE/spring-test-5.1.5.RELEASE.jar:/Users/lion_scq/repository/org/xmlunit/xmlunit-core/2.6.2/xmlunit-core-2.6.2.jar:/Users/lion_scq/repository/org/springframework/boot/spring-boot-starter-web/2.1.3.RELEASE/spring-boot-starter-web-2.1.3.RELEASE.jar:/Users/lion_scq/repository/org/springframework/boot/spring-boot-starter-json/2.1.3.RELEASE/spring-boot-starter-json-2.1.3.RELEASE.jar:/Users/lion_scq/repository/com/fasterxml/jackson/core/jackson-databind/2.9.8/jackson-databind-2.9.8.jar:/Users/lion_scq/repository/com/fasterxml/jackson/core/jackson-annotations/2.9.0/jackson-annotations-2.9.0.jar:/Users/lion_scq/repository/com/fasterxml/jackson/core/jackson-core/2.9.8/jackson-core-2.9.8.jar:/Users/lion_scq/repository/com/fasterxml/jackson/datatype/jackson-datatype-jdk8/2.9.8/jackson-datatype-jdk8-2.9.8.jar:/Users/lion_scq/repository/com/fasterxml/jackson/datatype/jackson-datatype-jsr310/2.9.8/jackson-datatype-jsr310-2.9.8.jar:/Users/lion_scq/repository/com/fasterxml/jackson/module/jackson-module-parameter-names/2.9.8/jackson-module-parameter-names-2.9.8.jar:/Users/lion_scq/repository/org/springframework/boot/spring-boot-starter-tomcat/2.1.3.RELEASE/spring-boot-starter-tomcat-2.1.3.RELEASE.jar:/Users/lion_scq/repository/org/apache/tomcat/embed/tomcat-embed-core/9.0.16/tomcat-embed-core-9.0.16.jar:/Users/lion_scq/repository/org/apache/tomcat/embed/tomcat-embed-el/9.0.16/tomcat-embed-el-9.0.16.jar:/Users/lion_scq/repository/org/apache/tomcat/embed/tomcat-embed-websocket/9.0.16/tomcat-embed-websocket-9.0.16.jar:/Users/lion_scq/repository/org/hibernate/validator/hibernate-validator/6.0.14.Final/hibernate-validator-6.0.14.Final.jar:/Users/lion_scq/repository/javax/validation/validation-api/2.0.1.Final/validation-api-2.0.1.Final.jar:/Users/lion_scq/repository/org/jboss/logging/jboss-logging/3.3.2.Final/jboss-logging-3.3.2.Final.jar:/Users/lion_scq/repository/com/fasterxml/classmate/1.4.0/classmate-1.4.0.jar:/Users/lion_scq/repository/org/springframework/spring-web/5.1.5.RELEASE/spring-web-5.1.5.RELEASE.jar:/Users/lion_scq/repository/org/springframework/spring-beans/5.1.5.RELEASE/spring-beans-5.1.5.RELEASE.jar:/Users/lion_scq/repository/org/springframework/spring-webmvc/5.1.5.RELEASE/spring-webmvc-5.1.5.RELEASE.jar:/Users/lion_scq/repository/org/springframework/spring-aop/5.1.5.RELEASE/spring-aop-5.1.5.RELEASE.jar:/Users/lion_scq/repository/org/springframework/spring-context/5.1.5.RELEASE/spring-context-5.1.5.RELEASE.jar:/Users/lion_scq/repository/org/springframework/spring-expression/5.1.5.RELEASE/spring-expression-5.1.5.RELEASE.jar:/Users/lion_scq/repository/org/mybatis/spring/boot/mybatis-spring-boot-starter/2.0.0/mybatis-spring-boot-starter-2.0.0.jar:/Users/lion_scq/repository/org/springframework/boot/spring-boot-starter-jdbc/2.1.3.RELEASE/spring-boot-starter-jdbc-2.1.3.RELEASE.jar:/Users/lion_scq/repository/com/zaxxer/HikariCP/3.2.0/HikariCP-3.2.0.jar:/Users/lion_scq/repository/org/springframework/spring-jdbc/5.1.5.RELEASE/spring-jdbc-5.1.5.RELEASE.jar:/Users/lion_scq/repository/org/springframework/spring-tx/5.1.5.RELEASE/spring-tx-5.1.5.RELEASE.jar:/Users/lion_scq/repository/org/mybatis/spring/boot/mybatis-spring-boot-autoconfigure/2.0.0/mybatis-spring-boot-autoconfigure-2.0.0.jar:/Users/lion_scq/repository/org/mybatis/mybatis/3.5.0/mybatis-3.5.0.jar:/Users/lion_scq/repository/org/mybatis/mybatis-spring/2.0.0/mybatis-spring-2.0.0.jar:/Users/lion_scq/repository/commons-lang/commons-lang/2.6/commons-lang-2.6.jar:/Users/lion_scq/repository/commons-io/commons-io/2.5/commons-io-2.5.jar:/Users/lion_scq/repository/commons-configuration/commons-configuration/1.10/commons-configuration-1.10.jar:/Users/lion_scq/repository/commons-logging/commons-logging/1.1.1/commons-logging-1.1.1.jar:/Users/lion_scq/repository/com/alibaba/fastjson/1.2.45/fastjson-1.2.45.jar:/Users/lion_scq/repository/org/apache/velocity/velocity/1.7/velocity-1.7.jar:/Users/lion_scq/repository/commons-collections/commons-collections/3.2.1/commons-collections-3.2.1.jar:/Users/lion_scq/repository/com/github/pagehelper/pagehelper-spring-boot-starter/1.2.5/pagehelper-spring-boot-starter-1.2.5.jar:/Users/lion_scq/repository/com/github/pagehelper/pagehelper-spring-boot-autoconfigure/1.2.5/pagehelper-spring-boot-autoconfigure-1.2.5.jar:/Users/lion_scq/repository/com/github/pagehelper/pagehelper/5.1.4/pagehelper-5.1.4.jar:/Users/lion_scq/repository/com/github/jsqlparser/jsqlparser/1.0/jsqlparser-1.0.jar:/Users/lion_scq/repository/mysql/mysql-connector-java/8.0.15/mysql-connector-java-8.0.15.jar:"/>
    <property name="java.vm.vendor" value="Oracle Corporation"/>
    <property name="sun.arch.data.model" value="64"/>
    <property name="java.vendor.url" value="http://java.oracle.com/"/>
    <property name="user.timezone" value=""/>
    <property name="java.vm.specification.version" value="1.8"/>
    <property name="os.name" value="Mac OS X"/>
    <property name="user.country" value="CN"/>
    <property name="sun.java.launcher" value="SUN_STANDARD"/>
    <property name="sun.boot.library.path" value="/Library/Java/JavaVirtualMachines/jdk1.8.0_171.jdk/Contents/Home/jre/lib"/>
    <property name="sun.java.command" value="/Users/lion_scq/workspaces/spring-boot/boot-mybatis-generator/target/surefire/surefirebooter596648222513440225.jar /Users/lion_scq/workspaces/spring-boot/boot-mybatis-generator/target/surefire 2019-05-14T11-47-28_400-jvmRun1 surefire4307194188176326813tmp surefire_06806582445413621607tmp"/>
    <property name="surefire.test.class.path" value="/Users/lion_scq/workspaces/spring-boot/boot-mybatis-generator/target/test-classes:/Users/lion_scq/workspaces/spring-boot/boot-mybatis-generator/target/classes:/Users/lion_scq/repository/org/springframework/boot/spring-boot-starter-test/2.1.3.RELEASE/spring-boot-starter-test-2.1.3.RELEASE.jar:/Users/lion_scq/repository/org/springframework/boot/spring-boot-starter/2.1.3.RELEASE/spring-boot-starter-2.1.3.RELEASE.jar:/Users/lion_scq/repository/org/springframework/boot/spring-boot/2.1.3.RELEASE/spring-boot-2.1.3.RELEASE.jar:/Users/lion_scq/repository/org/springframework/boot/spring-boot-autoconfigure/2.1.3.RELEASE/spring-boot-autoconfigure-2.1.3.RELEASE.jar:/Users/lion_scq/repository/org/springframework/boot/spring-boot-starter-logging/2.1.3.RELEASE/spring-boot-starter-logging-2.1.3.RELEASE.jar:/Users/lion_scq/repository/ch/qos/logback/logback-classic/1.2.3/logback-classic-1.2.3.jar:/Users/lion_scq/repository/ch/qos/logback/logback-core/1.2.3/logback-core-1.2.3.jar:/Users/lion_scq/repository/org/apache/logging/log4j/log4j-to-slf4j/2.11.2/log4j-to-slf4j-2.11.2.jar:/Users/lion_scq/repository/org/apache/logging/log4j/log4j-api/2.11.2/log4j-api-2.11.2.jar:/Users/lion_scq/repository/org/slf4j/jul-to-slf4j/1.7.25/jul-to-slf4j-1.7.25.jar:/Users/lion_scq/repository/javax/annotation/javax.annotation-api/1.3.2/javax.annotation-api-1.3.2.jar:/Users/lion_scq/repository/org/yaml/snakeyaml/1.23/snakeyaml-1.23.jar:/Users/lion_scq/repository/org/springframework/boot/spring-boot-test/2.1.3.RELEASE/spring-boot-test-2.1.3.RELEASE.jar:/Users/lion_scq/repository/org/springframework/boot/spring-boot-test-autoconfigure/2.1.3.RELEASE/spring-boot-test-autoconfigure-2.1.3.RELEASE.jar:/Users/lion_scq/repository/com/jayway/jsonpath/json-path/2.4.0/json-path-2.4.0.jar:/Users/lion_scq/repository/net/minidev/json-smart/2.3/json-smart-2.3.jar:/Users/lion_scq/repository/net/minidev/accessors-smart/1.2/accessors-smart-1.2.jar:/Users/lion_scq/repository/org/ow2/asm/asm/5.0.4/asm-5.0.4.jar:/Users/lion_scq/repository/org/slf4j/slf4j-api/1.7.25/slf4j-api-1.7.25.jar:/Users/lion_scq/repository/junit/junit/4.12/junit-4.12.jar:/Users/lion_scq/repository/org/assertj/assertj-core/3.11.1/assertj-core-3.11.1.jar:/Users/lion_scq/repository/org/mockito/mockito-core/2.23.4/mockito-core-2.23.4.jar:/Users/lion_scq/repository/net/bytebuddy/byte-buddy/1.9.10/byte-buddy-1.9.10.jar:/Users/lion_scq/repository/net/bytebuddy/byte-buddy-agent/1.9.10/byte-buddy-agent-1.9.10.jar:/Users/lion_scq/repository/org/objenesis/objenesis/2.6/objenesis-2.6.jar:/Users/lion_scq/repository/org/hamcrest/hamcrest-core/1.3/hamcrest-core-1.3.jar:/Users/lion_scq/repository/org/hamcrest/hamcrest-library/1.3/hamcrest-library-1.3.jar:/Users/lion_scq/repository/org/skyscreamer/jsonassert/1.5.0/jsonassert-1.5.0.jar:/Users/lion_scq/repository/com/vaadin/external/google/android-json/0.0.20131108.vaadin1/android-json-0.0.20131108.vaadin1.jar:/Users/lion_scq/repository/org/springframework/spring-core/5.1.5.RELEASE/spring-core-5.1.5.RELEASE.jar:/Users/lion_scq/repository/org/springframework/spring-jcl/5.1.5.RELEASE/spring-jcl-5.1.5.RELEASE.jar:/Users/lion_scq/repository/org/springframework/spring-test/5.1.5.RELEASE/spring-test-5.1.5.RELEASE.jar:/Users/lion_scq/repository/org/xmlunit/xmlunit-core/2.6.2/xmlunit-core-2.6.2.jar:/Users/lion_scq/repository/org/springframework/boot/spring-boot-starter-web/2.1.3.RELEASE/spring-boot-starter-web-2.1.3.RELEASE.jar:/Users/lion_scq/repository/org/springframework/boot/spring-boot-starter-json/2.1.3.RELEASE/spring-boot-starter-json-2.1.3.RELEASE.jar:/Users/lion_scq/repository/com/fasterxml/jackson/core/jackson-databind/2.9.8/jackson-databind-2.9.8.jar:/Users/lion_scq/repository/com/fasterxml/jackson/core/jackson-annotations/2.9.0/jackson-annotations-2.9.0.jar:/Users/lion_scq/repository/com/fasterxml/jackson/core/jackson-core/2.9.8/jackson-core-2.9.8.jar:/Users/lion_scq/repository/com/fasterxml/jackson/datatype/jackson-datatype-jdk8/2.9.8/jackson-datatype-jdk8-2.9.8.jar:/Users/lion_scq/repository/com/fasterxml/jackson/datatype/jackson-datatype-jsr310/2.9.8/jackson-datatype-jsr310-2.9.8.jar:/Users/lion_scq/repository/com/fasterxml/jackson/module/jackson-module-parameter-names/2.9.8/jackson-module-parameter-names-2.9.8.jar:/Users/lion_scq/repository/org/springframework/boot/spring-boot-starter-tomcat/2.1.3.RELEASE/spring-boot-starter-tomcat-2.1.3.RELEASE.jar:/Users/lion_scq/repository/org/apache/tomcat/embed/tomcat-embed-core/9.0.16/tomcat-embed-core-9.0.16.jar:/Users/lion_scq/repository/org/apache/tomcat/embed/tomcat-embed-el/9.0.16/tomcat-embed-el-9.0.16.jar:/Users/lion_scq/repository/org/apache/tomcat/embed/tomcat-embed-websocket/9.0.16/tomcat-embed-websocket-9.0.16.jar:/Users/lion_scq/repository/org/hibernate/validator/hibernate-validator/6.0.14.Final/hibernate-validator-6.0.14.Final.jar:/Users/lion_scq/repository/javax/validation/validation-api/2.0.1.Final/validation-api-2.0.1.Final.jar:/Users/lion_scq/repository/org/jboss/logging/jboss-logging/3.3.2.Final/jboss-logging-3.3.2.Final.jar:/Users/lion_scq/repository/com/fasterxml/classmate/1.4.0/classmate-1.4.0.jar:/Users/lion_scq/repository/org/springframework/spring-web/5.1.5.RELEASE/spring-web-5.1.5.RELEASE.jar:/Users/lion_scq/repository/org/springframework/spring-beans/5.1.5.RELEASE/spring-beans-5.1.5.RELEASE.jar:/Users/lion_scq/repository/org/springframework/spring-webmvc/5.1.5.RELEASE/spring-webmvc-5.1.5.RELEASE.jar:/Users/lion_scq/repository/org/springframework/spring-aop/5.1.5.RELEASE/spring-aop-5.1.5.RELEASE.jar:/Users/lion_scq/repository/org/springframework/spring-context/5.1.5.RELEASE/spring-context-5.1.5.RELEASE.jar:/Users/lion_scq/repository/org/springframework/spring-expression/5.1.5.RELEASE/spring-expression-5.1.5.RELEASE.jar:/Users/lion_scq/repository/org/mybatis/spring/boot/mybatis-spring-boot-starter/2.0.0/mybatis-spring-boot-starter-2.0.0.jar:/Users/lion_scq/repository/org/springframework/boot/spring-boot-starter-jdbc/2.1.3.RELEASE/spring-boot-starter-jdbc-2.1.3.RELEASE.jar:/Users/lion_scq/repository/com/zaxxer/HikariCP/3.2.0/HikariCP-3.2.0.jar:/Users/lion_scq/repository/org/springframework/spring-jdbc/5.1.5.RELEASE/spring-jdbc-5.1.5.RELEASE.jar:/Users/lion_scq/repository/org/springframework/spring-tx/5.1.5.RELEASE/spring-tx-5.1.5.RELEASE.jar:/Users/lion_scq/repository/org/mybatis/spring/boot/mybatis-spring-boot-autoconfigure/2.0.0/mybatis-spring-boot-autoconfigure-2.0.0.jar:/Users/lion_scq/repository/org/mybatis/mybatis/3.5.0/mybatis-3.5.0.jar:/Users/lion_scq/repository/org/mybatis/mybatis-spring/2.0.0/mybatis-spring-2.0.0.jar:/Users/lion_scq/repository/commons-lang/commons-lang/2.6/commons-lang-2.6.jar:/Users/lion_scq/repository/commons-io/commons-io/2.5/commons-io-2.5.jar:/Users/lion_scq/repository/commons-configuration/commons-configuration/1.10/commons-configuration-1.10.jar:/Users/lion_scq/repository/commons-logging/commons-logging/1.1.1/commons-logging-1.1.1.jar:/Users/lion_scq/repository/com/alibaba/fastjson/1.2.45/fastjson-1.2.45.jar:/Users/lion_scq/repository/org/apache/velocity/velocity/1.7/velocity-1.7.jar:/Users/lion_scq/repository/commons-collections/commons-collections/3.2.1/commons-collections-3.2.1.jar:/Users/lion_scq/repository/com/github/pagehelper/pagehelper-spring-boot-starter/1.2.5/pagehelper-spring-boot-starter-1.2.5.jar:/Users/lion_scq/repository/com/github/pagehelper/pagehelper-spring-boot-autoconfigure/1.2.5/pagehelper-spring-boot-autoconfigure-1.2.5.jar:/Users/lion_scq/repository/com/github/pagehelper/pagehelper/5.1.4/pagehelper-5.1.4.jar:/Users/lion_scq/repository/com/github/jsqlparser/jsqlparser/1.0/jsqlparser-1.0.jar:/Users/lion_scq/repository/mysql/mysql-connector-java/8.0.15/mysql-connector-java-8.0.15.jar:"/>
    <property name="sun.cpu.endian" value="little"/>
    <property name="user.home" value="/Users/lion_scq"/>
    <property name="user.language" value="zh"/>
    <property name="java.specification.vendor" value="Oracle Corporation"/>
    <property name="java.home" value="/Library/Java/JavaVirtualMachines/jdk1.8.0_171.jdk/Contents/Home/jre"/>
    <property name="basedir" value="/Users/lion_scq/workspaces/spring-boot/boot-mybatis-generator"/>
    <property name="file.separator" value="/"/>
    <property name="line.separator" value="&#10;"/>
    <property name="java.vm.specification.vendor" value="Oracle Corporation"/>
    <property name="java.specification.name" value="Java Platform API Specification"/>
    <property name="java.awt.graphicsenv" value="sun.awt.CGraphicsEnvironment"/>
    <property name="surefire.real.class.path" value="/Users/lion_scq/workspaces/spring-boot/boot-mybatis-generator/target/surefire/surefirebooter596648222513440225.jar"/>
    <property name="sun.boot.class.path" value="/Library/Java/JavaVirtualMachines/jdk1.8.0_171.jdk/Contents/Home/jre/lib/resources.jar:/Library/Java/JavaVirtualMachines/jdk1.8.0_171.jdk/Contents/Home/jre/lib/rt.jar:/Library/Java/JavaVirtualMachines/jdk1.8.0_171.jdk/Contents/Home/jre/lib/sunrsasign.jar:/Library/Java/JavaVirtualMachines/jdk1.8.0_171.jdk/Contents/Home/jre/lib/jsse.jar:/Library/Java/JavaVirtualMachines/jdk1.8.0_171.jdk/Contents/Home/jre/lib/jce.jar:/Library/Java/JavaVirtualMachines/jdk1.8.0_171.jdk/Contents/Home/jre/lib/charsets.jar:/Library/Java/JavaVirtualMachines/jdk1.8.0_171.jdk/Contents/Home/jre/lib/jfr.jar:/Library/Java/JavaVirtualMachines/jdk1.8.0_171.jdk/Contents/Home/jre/classes"/>
    <property name="sun.management.compiler" value="HotSpot 64-Bit Tiered Compilers"/>
    <property name="java.runtime.version" value="1.8.0_171-b11"/>
    <property name="user.name" value="lion_scq"/>
    <property name="path.separator" value=":"/>
    <property name="os.version" value="10.14.3"/>
    <property name="java.endorsed.dirs" value="/Library/Java/JavaVirtualMachines/jdk1.8.0_171.jdk/Contents/Home/jre/lib/endorsed"/>
    <property name="java.runtime.name" value="Java(TM) SE Runtime Environment"/>
    <property name="file.encoding" value="UTF-8"/>
    <property name="java.vm.name" value="Java HotSpot(TM) 64-Bit Server VM"/>
    <property name="localRepository" value="/Users/lion_scq/repository"/>
    <property name="java.vendor.url.bug" value="http://bugreport.sun.com/bugreport/"/>
    <property name="java.io.tmpdir" value="/var/folders/kf/cbgp4d0x2w52nt25jyjsl2mc0000gn/T/"/>
    <property name="java.version" value="1.8.0_171"/>
    <property name="user.dir" value="/Users/lion_scq/workspaces/spring-boot/boot-mybatis-generator"/>
    <property name="os.arch" value="x86_64"/>
    <property name="java.vm.specification.name" value="Java Virtual Machine Specification"/>
    <property name="java.awt.printerjob" value="sun.lwawt.macosx.CPrinterJob"/>
    <property name="sun.os.patch.level" value="unknown"/>
    <property name="java.library.path" value="/Users/lion_scq/Library/Java/Extensions:/Library/Java/Extensions:/Network/Library/Java/Extensions:/System/Library/Java/Extensions:/usr/lib/java:."/>
    <property name="java.vm.info" value="mixed mode"/>
    <property name="java.vendor" value="Oracle Corporation"/>
    <property name="java.vm.version" value="25.171-b11"/>
    <property name="java.ext.dirs" value="/Users/lion_scq/Library/Java/Extensions:/Library/Java/JavaVirtualMachines/jdk1.8.0_171.jdk/Contents/Home/jre/lib/ext:/Library/Java/Extensions:/Network/Library/Java/Extensions:/System/Library/Java/Extensions:/usr/lib/java"/>
    <property name="sun.io.unicode.encoding" value="UnicodeBig"/>
    <property name="java.class.version" value="52.0"/>
  </properties>
  <testcase name="userServiceTest" classname="com.wowjoy.MyBatisGeneratorApplicationTests" time="0.292"/>
</testsuite>